\BOOKMARK [0][-]{dummy.2}{\376\377\000C\000e\000r\000t\000i\000f\000i\000c\000a\000t\000e}{}% 1
\BOOKMARK [0][-]{dummy.3}{\376\377\000A\000b\000s\000t\000r\000a\000c\000t}{}% 2
\BOOKMARK [0][-]{dummy.4}{\376\377\000A\000c\000k\000n\000o\000w\000l\000e\000d\000g\000e\000m\000e\000n\000t\000s}{}% 3
\BOOKMARK [0][-]{dummy.5}{\376\377\000C\000o\000n\000t\000e\000n\000t\000s}{}% 4
\BOOKMARK [0][-]{dummy.7}{\376\377\000L\000i\000s\000t\000\040\000o\000f\000\040\000F\000i\000g\000u\000r\000e\000s}{}% 5
\BOOKMARK [0][-]{dummy.9}{\376\377\000L\000i\000s\000t\000\040\000o\000f\000\040\000T\000a\000b\000l\000e\000s}{}% 6
\BOOKMARK [0][-]{dummy.11}{\376\377\000A\000b\000b\000r\000e\000v\000i\000a\000t\000i\000o\000n\000s}{}% 7
\BOOKMARK [0][-]{dummy.14}{\376\377\000S\000y\000m\000b\000o\000l\000s}{}% 8
\BOOKMARK [0][-]{chapter.17}{\376\377\0001\000\040\000I\000n\000t\000r\000o\000d\000u\000c\000t\000i\000o\000n}{}% 9
\BOOKMARK [1][-]{section.18}{\376\377\0001\000.\0001\000\040\000B\000a\000c\000k\000g\000r\000o\000u\000n\000d}{chapter.17}% 10
\BOOKMARK [2][-]{subsection.19}{\376\377\0001\000.\0001\000.\0001\000\040\000A\000P\000I\000\040\000S\000e\000r\000v\000e\000r}{section.18}% 11
\BOOKMARK [3][-]{subsubsection.20}{\376\377\0001\000.\0001\000.\0001\000.\0001\000\040\000W\000h\000a\000t\000\040\000i\000s\000\040\000a\000n\000\040\000A\000P\000I\000\040\000s\000e\000r\000v\000e\000r\000?}{subsection.19}% 12
\BOOKMARK [3][-]{subsubsection.21}{\376\377\0001\000.\0001\000.\0001\000.\0002\000\040\000H\000o\000w\000\040\000d\000o\000e\000s\000\040\000a\000n\000d\000\040\000A\000P\000I\000\040\000s\000e\000v\000e\000r\000\040\000w\000o\000r\000k\000?}{subsection.19}% 13
\BOOKMARK [2][-]{subsection.22}{\376\377\0001\000.\0001\000.\0002\000\040\000R\000u\000n\000n\000e\000r}{section.18}% 14
\BOOKMARK [3][-]{subsubsection.23}{\376\377\0001\000.\0001\000.\0002\000.\0001\000\040\000W\000h\000a\000t\000\040\000i\000s\000\040\000a\000\040\000R\000u\000n\000n\000e\000r\000?}{subsection.22}% 15
\BOOKMARK [3][-]{subsubsection.24}{\376\377\0001\000.\0001\000.\0002\000.\0002\000\040\000H\000o\000w\000\040\000d\000o\000e\000s\000\040\000a\000\040\000R\000u\000n\000n\000e\000r\000\040\000w\000o\000r\000k\000?}{subsection.22}% 16
\BOOKMARK [1][-]{section.25}{\376\377\0001\000.\0002\000\040\000M\000o\000t\000i\000v\000a\000t\000i\000o\000n}{chapter.17}% 17
\BOOKMARK [2][-]{subsection.26}{\376\377\0001\000.\0002\000.\0001\000\040\000W\000h\000y\000\040\000u\000s\000e\000\040\000a\000n\000\040\000A\000P\000I\000\040\000s\000e\000r\000v\000e\000r\000?}{section.25}% 18
\BOOKMARK [2][-]{subsection.27}{\376\377\0001\000.\0002\000.\0002\000\040\000W\000h\000y\000\040\000u\000s\000e\000\040\000a\000\040\000R\000u\000n\000n\000e\000r\000?}{section.25}% 19
\BOOKMARK [1][-]{section.28}{\376\377\0001\000.\0003\000\040\000O\000b\000j\000e\000c\000t\000i\000v\000e\000s\000\040\000o\000f\000\040\000t\000h\000e\000\040\000w\000o\000r\000k}{chapter.17}% 20
\BOOKMARK [2][-]{subsection.29}{\376\377\0001\000.\0003\000.\0001\000\040\000G\000i\000t\000H\000u\000b\000\040\000A\000P\000I\000\040\000S\000e\000r\000v\000e\000r}{section.28}% 21
\BOOKMARK [2][-]{subsection.30}{\376\377\0001\000.\0003\000.\0002\000\040\000G\000i\000t\000H\000u\000b\000\040\000r\000u\000n\000n\000e\000r}{section.28}% 22
\BOOKMARK [0][-]{chapter.31}{\376\377\0002\000\040\000M\000e\000t\000h\000o\000d\000o\000l\000o\000g\000y}{}% 23
\BOOKMARK [1][-]{section.32}{\376\377\0002\000.\0001\000\040\000G\000i\000t\000h\000u\000b\000\040\000A\000P\000I\000\040\000S\000e\000r\000v\000e\000r}{chapter.31}% 24
\BOOKMARK [2][-]{subsection.33}{\376\377\0002\000.\0001\000.\0001\000\040\000A\000P\000I\000\040\000F\000r\000a\000m\000e\000w\000o\000r\000k}{section.32}% 25
\BOOKMARK [2][-]{subsection.34}{\376\377\0002\000.\0001\000.\0002\000\040\000Q\000u\000e\000r\000y\000\040\000f\000r\000a\000m\000e\000w\000o\000r\000k}{section.32}% 26
\BOOKMARK [2][-]{subsection.35}{\376\377\0002\000.\0001\000.\0003\000\040\000S\000e\000c\000u\000r\000i\000t\000y}{section.32}% 27
\BOOKMARK [2][-]{subsection.36}{\376\377\0002\000.\0001\000.\0004\000\040\000L\000o\000g\000g\000i\000n\000g}{section.32}% 28
\BOOKMARK [2][-]{subsection.37}{\376\377\0002\000.\0001\000.\0005\000\040\000U\000p\000d\000a\000t\000e\000\040\000f\000r\000a\000m\000e\000w\000o\000r\000k}{section.32}% 29
\BOOKMARK [1][-]{section.38}{\376\377\0002\000.\0002\000\040\000G\000i\000t\000h\000u\000b\000\040\000R\000u\000n\000n\000e\000r}{chapter.31}% 30
\BOOKMARK [2][-]{subsection.39}{\376\377\0002\000.\0002\000.\0001\000\040\000B\000u\000i\000l\000d\000i\000n\000g\000\040\000I\000m\000a\000g\000e}{section.38}% 31
\BOOKMARK [2][-]{subsection.40}{\376\377\0002\000.\0002\000.\0002\000\040\000S\000t\000o\000r\000i\000n\000g\000\040\000I\000m\000a\000g\000e}{section.38}% 32
\BOOKMARK [2][-]{subsection.41}{\376\377\0002\000.\0002\000.\0003\000\040\000D\000e\000p\000l\000o\000y\000m\000e\000n\000t}{section.38}% 33
\BOOKMARK [0][-]{chapter.42}{\376\377\0003\000\040\000W\000o\000r\000k\000\040\000D\000o\000n\000e}{}% 34
\BOOKMARK [1][-]{section.43}{\376\377\0003\000.\0001\000\040\000G\000i\000t\000h\000u\000b\000\040\000A\000P\000I\000\040\000S\000e\000r\000v\000e\000r}{chapter.42}% 35
\BOOKMARK [2][-]{subsection.44}{\376\377\0003\000.\0001\000.\0001\000\040\000M\000a\000v\000e\000n\000\040\000b\000u\000i\000l\000d\000\040\000a\000n\000d\000\040\000d\000e\000p\000e\000n\000d\000e\000n\000c\000i\000e\000s}{section.43}% 36
\BOOKMARK [2][-]{subsection.51}{\376\377\0003\000.\0001\000.\0002\000\040\000U\000t\000i\000l\000i\000t\000y\000\040\000f\000u\000n\000c\000t\000i\000o\000n\000s}{section.43}% 37
\BOOKMARK [2][-]{subsection.52}{\376\377\0003\000.\0001\000.\0003\000\040\000I\000m\000p\000o\000r\000t\000a\000n\000t\000\040\000v\000a\000r\000i\000a\000b\000l\000e\000s}{section.43}% 38
\BOOKMARK [2][-]{subsection.53}{\376\377\0003\000.\0001\000.\0004\000\040\000G\000r\000a\000p\000h\000q\000l\000\040\000e\000x\000e\000c\000u\000t\000i\000o\000n\000\040\000f\000u\000n\000c\000t\000i\000o\000n\000\040\000-\000\040\000e\000x\000e\000G\000r\000a\000p\000h\000q\000l\000\050\000\051}{section.43}% 39
\BOOKMARK [2][-]{subsection.62}{\376\377\0003\000.\0001\000.\0005\000\040\000G\000E\000T\000\040\000d\000a\000t\000a\000\040\000f\000r\000o\000m\000\040\000G\000i\000t\000h\000u\000b}{section.43}% 40
\BOOKMARK [2][-]{subsection.136}{\376\377\0003\000.\0001\000.\0006\000\040\000U\000p\000d\000a\000t\000e\000\040\000I\000n\000f\000o\000r\000m\000a\000t\000i\000o\000n\000\040\000f\000u\000n\000c\000t\000i\000o\000n\000s}{section.43}% 41
\BOOKMARK [1][-]{section.165}{\376\377\0003\000.\0002\000\040\000G\000i\000t\000h\000u\000b\000\040\000R\000u\000n\000n\000e\000r}{chapter.42}% 42
\BOOKMARK [2][-]{subsection.166}{\376\377\0003\000.\0002\000.\0001\000\040\000D\000o\000c\000k\000e\000r\000f\000i\000l\000e\000\040\000C\000r\000e\000a\000t\000i\000o\000n}{section.165}% 43
\BOOKMARK [2][-]{subsection.196}{\376\377\0003\000.\0002\000.\0002\000\040\000I\000m\000a\000g\000e\000\040\000C\000r\000e\000a\000t\000i\000o\000n}{section.165}% 44
\BOOKMARK [2][-]{subsection.199}{\376\377\0003\000.\0002\000.\0003\000\040\000U\000p\000l\000o\000a\000d\000i\000n\000g\000\040\000i\000m\000a\000g\000e\000\040\000t\000o\000\040\000A\000C\000R}{section.165}% 45
\BOOKMARK [2][-]{subsection.204}{\376\377\0003\000.\0002\000.\0004\000\040\000C\000r\000e\000a\000t\000i\000n\000g\000\040\000a\000\040\000d\000e\000p\000l\000o\000y\000m\000e\000n\000t\000\040\000i\000n\000\040\000A\000K\000S}{section.165}% 46
\BOOKMARK [0][-]{chapter.232}{\376\377\0004\000\040\000R\000e\000s\000u\000l\000t\000s\000\040\000a\000n\000d\000\040\000D\000i\000s\000c\000u\000s\000s\000i\000o\000n\000s}{}% 47
\BOOKMARK [1][-]{section.233}{\376\377\0004\000.\0001\000\040\000G\000i\000t\000h\000u\000b\000\040\000A\000P\000I\000\040\000S\000e\000r\000v\000e\000r}{chapter.232}% 48
\BOOKMARK [1][-]{section.234}{\376\377\0004\000.\0002\000\040\000G\000i\000t\000h\000u\000b\000\040\000R\000u\000n\000n\000e\000r}{chapter.232}% 49
\BOOKMARK [0][-]{appendix.235}{\376\377\000A\000\040\000C\000o\000d\000e\000\040\000S\000n\000i\000p\000p\000e\000t\000s\000\040\000-\000\040\000G\000i\000t\000h\000u\000b\000\040\000A\000P\000I\000\040\000s\000e\000r\000v\000e\000r}{}% 50
\BOOKMARK [0][-]{appendix.311}{\376\377\000B\000\040\000C\000o\000d\000e\000\040\000S\000n\000i\000p\000p\000e\000t\000s\000\040\000-\000\040\000G\000i\000t\000h\000u\000b\000\040\000R\000u\000n\000n\000e\000r}{}% 51
\BOOKMARK [0][-]{dummy.515}{\376\377\000B\000i\000b\000l\000i\000o\000g\000r\000a\000p\000h\000y}{}% 52
