\BOOKMARK [0][-]{dummy.2}{\376\377\000C\000e\000r\000t\000i\000f\000i\000c\000a\000t\000e}{}% 1
\BOOKMARK [0][-]{dummy.3}{\376\377\000A\000b\000s\000t\000r\000a\000c\000t}{}% 2
\BOOKMARK [0][-]{dummy.4}{\376\377\000A\000c\000k\000n\000o\000w\000l\000e\000d\000g\000e\000m\000e\000n\000t\000s}{}% 3
\BOOKMARK [0][-]{dummy.5}{\376\377\000C\000o\000n\000t\000e\000n\000t\000s}{}% 4
\BOOKMARK [0][-]{dummy.7}{\376\377\000L\000i\000s\000t\000\040\000o\000f\000\040\000F\000i\000g\000u\000r\000e\000s}{}% 5
\BOOKMARK [0][-]{dummy.9}{\376\377\000A\000b\000b\000r\000e\000v\000i\000a\000t\000i\000o\000n\000s}{}% 6
\BOOKMARK [0][-]{chapter.12}{\376\377\0001\000\040\000I\000n\000t\000r\000o\000d\000u\000c\000t\000i\000o\000n}{}% 7
\BOOKMARK [1][-]{section.13}{\376\377\0001\000.\0001\000\040\000B\000a\000c\000k\000g\000r\000o\000u\000n\000d}{chapter.12}% 8
\BOOKMARK [2][-]{subsection.14}{\376\377\0001\000.\0001\000.\0001\000\040\000A\000P\000I\000\040\000S\000e\000r\000v\000e\000r}{section.13}% 9
\BOOKMARK [3][-]{subsubsection.15}{\376\377\0001\000.\0001\000.\0001\000.\0001\000\040\000W\000h\000a\000t\000\040\000i\000s\000\040\000a\000n\000\040\000A\000P\000I\000\040\000s\000e\000r\000v\000e\000r\000?}{subsection.14}% 10
\BOOKMARK [3][-]{subsubsection.16}{\376\377\0001\000.\0001\000.\0001\000.\0002\000\040\000H\000o\000w\000\040\000d\000o\000e\000s\000\040\000a\000n\000\040\000A\000P\000I\000\040\000s\000e\000v\000e\000r\000\040\000w\000o\000r\000k\000?}{subsection.14}% 11
\BOOKMARK [2][-]{subsection.17}{\376\377\0001\000.\0001\000.\0002\000\040\000R\000u\000n\000n\000e\000r}{section.13}% 12
\BOOKMARK [3][-]{subsubsection.18}{\376\377\0001\000.\0001\000.\0002\000.\0001\000\040\000W\000h\000a\000t\000\040\000i\000s\000\040\000a\000\040\000R\000u\000n\000n\000e\000r\000?}{subsection.17}% 13
\BOOKMARK [3][-]{subsubsection.19}{\376\377\0001\000.\0001\000.\0002\000.\0002\000\040\000H\000o\000w\000\040\000d\000o\000e\000s\000\040\000a\000\040\000R\000u\000n\000n\000e\000r\000\040\000w\000o\000r\000k\000?}{subsection.17}% 14
\BOOKMARK [1][-]{section.20}{\376\377\0001\000.\0002\000\040\000M\000o\000t\000i\000v\000a\000t\000i\000o\000n}{chapter.12}% 15
\BOOKMARK [2][-]{subsection.21}{\376\377\0001\000.\0002\000.\0001\000\040\000W\000h\000y\000\040\000u\000s\000e\000\040\000a\000n\000\040\000A\000P\000I\000\040\000s\000e\000r\000v\000e\000r\000?}{section.20}% 16
\BOOKMARK [2][-]{subsection.22}{\376\377\0001\000.\0002\000.\0002\000\040\000W\000h\000y\000\040\000u\000s\000e\000\040\000a\000\040\000R\000u\000n\000n\000e\000r\000?}{section.20}% 17
\BOOKMARK [1][-]{section.23}{\376\377\0001\000.\0003\000\040\000O\000b\000j\000e\000c\000t\000i\000v\000e\000s\000\040\000o\000f\000\040\000t\000h\000e\000\040\000w\000o\000r\000k}{chapter.12}% 18
\BOOKMARK [2][-]{subsection.24}{\376\377\0001\000.\0003\000.\0001\000\040\000G\000i\000t\000H\000u\000b\000\040\000A\000P\000I\000\040\000S\000e\000r\000v\000e\000r}{section.23}% 19
\BOOKMARK [2][-]{subsection.25}{\376\377\0001\000.\0003\000.\0002\000\040\000G\000i\000t\000H\000u\000b\000\040\000r\000u\000n\000n\000e\000r}{section.23}% 20
\BOOKMARK [0][-]{chapter.27}{\376\377\0002\000\040\000M\000e\000t\000h\000o\000d\000o\000l\000o\000g\000y}{}% 21
\BOOKMARK [1][-]{section.28}{\376\377\0002\000.\0001\000\040\000G\000i\000t\000h\000u\000b\000\040\000A\000P\000I\000\040\000S\000e\000r\000v\000e\000r}{chapter.27}% 22
\BOOKMARK [2][-]{subsection.29}{\376\377\0002\000.\0001\000.\0001\000\040\000A\000P\000I\000\040\000F\000r\000a\000m\000e\000w\000o\000r\000k}{section.28}% 23
\BOOKMARK [2][-]{subsection.30}{\376\377\0002\000.\0001\000.\0002\000\040\000Q\000u\000e\000r\000y\000\040\000f\000r\000a\000m\000e\000w\000o\000r\000k}{section.28}% 24
\BOOKMARK [2][-]{subsection.31}{\376\377\0002\000.\0001\000.\0003\000\040\000S\000e\000c\000u\000r\000i\000t\000y}{section.28}% 25
\BOOKMARK [2][-]{subsection.32}{\376\377\0002\000.\0001\000.\0004\000\040\000L\000o\000g\000g\000i\000n\000g}{section.28}% 26
\BOOKMARK [2][-]{subsection.33}{\376\377\0002\000.\0001\000.\0005\000\040\000U\000p\000d\000a\000t\000e\000\040\000f\000r\000a\000m\000e\000w\000o\000r\000k}{section.28}% 27
\BOOKMARK [1][-]{section.34}{\376\377\0002\000.\0002\000\040\000G\000i\000t\000h\000u\000b\000\040\000R\000u\000n\000n\000e\000r}{chapter.27}% 28
\BOOKMARK [2][-]{subsection.35}{\376\377\0002\000.\0002\000.\0001\000\040\000D\000o\000c\000k\000e\000r\000f\000i\000l\000e}{section.34}% 29
\BOOKMARK [2][-]{subsection.36}{\376\377\0002\000.\0002\000.\0002\000\040\000B\000u\000i\000l\000d\000i\000n\000g\000\040\000I\000m\000a\000g\000e}{section.34}% 30
\BOOKMARK [2][-]{subsection.37}{\376\377\0002\000.\0002\000.\0003\000\040\000S\000t\000o\000r\000i\000n\000g\000\040\000I\000m\000a\000g\000e}{section.34}% 31
\BOOKMARK [2][-]{subsection.38}{\376\377\0002\000.\0002\000.\0004\000\040\000D\000e\000p\000l\000o\000y\000m\000e\000n\000t}{section.34}% 32
\BOOKMARK [0][-]{chapter.39}{\376\377\0003\000\040\000W\000o\000r\000k\000\040\000D\000o\000n\000e}{}% 33
\BOOKMARK [1][-]{section.40}{\376\377\0003\000.\0001\000\040\000G\000i\000t\000h\000u\000b\000\040\000A\000P\000I\000\040\000S\000e\000r\000v\000e\000r}{chapter.39}% 34
\BOOKMARK [2][-]{subsection.41}{\376\377\0003\000.\0001\000.\0001\000\040\000M\000a\000v\000e\000n\000\040\000b\000u\000i\000l\000d\000\040\000a\000n\000d\000\040\000d\000e\000p\000e\000n\000d\000e\000n\000c\000i\000e\000s}{section.40}% 35
\BOOKMARK [2][-]{subsection.48}{\376\377\0003\000.\0001\000.\0002\000\040\000U\000t\000i\000l\000i\000t\000y\000\040\000f\000u\000n\000c\000t\000i\000o\000n\000s}{section.40}% 36
\BOOKMARK [2][-]{subsection.49}{\376\377\0003\000.\0001\000.\0003\000\040\000I\000m\000p\000o\000r\000t\000a\000n\000t\000\040\000v\000a\000r\000i\000a\000b\000l\000e\000s}{section.40}% 37
\BOOKMARK [2][-]{subsection.50}{\376\377\0003\000.\0001\000.\0004\000\040\000G\000r\000a\000p\000h\000q\000l\000\040\000e\000x\000e\000c\000u\000t\000i\000o\000n\000\040\000f\000u\000n\000c\000t\000i\000o\000n\000\040\000-\000\040\000e\000x\000e\000G\000r\000a\000p\000h\000q\000l\000\050\000\051}{section.40}% 38
\BOOKMARK [2][-]{subsection.59}{\376\377\0003\000.\0001\000.\0005\000\040\000G\000E\000T\000\040\000d\000a\000t\000a\000\040\000f\000r\000o\000m\000\040\000G\000i\000t\000h\000u\000b}{section.40}% 39
\BOOKMARK [2][-]{subsection.133}{\376\377\0003\000.\0001\000.\0006\000\040\000U\000p\000d\000a\000t\000e\000\040\000I\000n\000f\000o\000r\000m\000a\000t\000i\000o\000n\000\040\000f\000u\000n\000c\000t\000i\000o\000n\000s}{section.40}% 40
\BOOKMARK [1][-]{section.162}{\376\377\0003\000.\0002\000\040\000G\000i\000t\000h\000u\000b\000\040\000R\000u\000n\000n\000e\000r}{chapter.39}% 41
\BOOKMARK [2][-]{subsection.163}{\376\377\0003\000.\0002\000.\0001\000\040\000D\000o\000c\000k\000e\000r\000f\000i\000l\000e\000\040\000C\000r\000e\000a\000t\000i\000o\000n}{section.162}% 42
\BOOKMARK [2][-]{subsection.193}{\376\377\0003\000.\0002\000.\0002\000\040\000I\000m\000a\000g\000e\000\040\000C\000r\000e\000a\000t\000i\000o\000n}{section.162}% 43
\BOOKMARK [2][-]{subsection.196}{\376\377\0003\000.\0002\000.\0003\000\040\000U\000p\000l\000o\000a\000d\000i\000n\000g\000\040\000i\000m\000a\000g\000e\000\040\000t\000o\000\040\000A\000C\000R}{section.162}% 44
\BOOKMARK [2][-]{subsection.201}{\376\377\0003\000.\0002\000.\0004\000\040\000C\000r\000e\000a\000t\000i\000n\000g\000\040\000a\000\040\000d\000e\000p\000l\000o\000y\000m\000e\000n\000t\000\040\000i\000n\000\040\000A\000K\000S}{section.162}% 45
\BOOKMARK [0][-]{chapter.229}{\376\377\0004\000\040\000R\000e\000s\000u\000l\000t\000s\000\040\000a\000n\000d\000\040\000D\000i\000s\000c\000u\000s\000s\000i\000o\000n\000s}{}% 46
\BOOKMARK [1][-]{section.230}{\376\377\0004\000.\0001\000\040\000G\000i\000t\000h\000u\000b\000\040\000A\000P\000I\000\040\000S\000e\000r\000v\000e\000r}{chapter.229}% 47
\BOOKMARK [1][-]{section.234}{\376\377\0004\000.\0002\000\040\000G\000i\000t\000h\000u\000b\000\040\000R\000u\000n\000n\000e\000r}{chapter.229}% 48
\BOOKMARK [0][-]{chapter.239}{\376\377\0005\000\040\000C\000o\000n\000c\000l\000u\000s\000i\000o\000n}{}% 49
\BOOKMARK [0][-]{appendix.240}{\376\377\000A\000\040\000C\000o\000d\000e\000\040\000S\000n\000i\000p\000p\000e\000t\000s\000\040\000-\000\040\000G\000i\000t\000h\000u\000b\000\040\000A\000P\000I\000\040\000s\000e\000r\000v\000e\000r}{}% 50
\BOOKMARK [0][-]{appendix.316}{\376\377\000B\000\040\000C\000o\000d\000e\000\040\000S\000n\000i\000p\000p\000e\000t\000s\000\040\000-\000\040\000G\000i\000t\000h\000u\000b\000\040\000R\000u\000n\000n\000e\000r}{}% 51
\BOOKMARK [0][-]{dummy.520}{\376\377\000B\000i\000b\000l\000i\000o\000g\000r\000a\000p\000h\000y}{}% 52
