\BOOKMARK [0][-]{dummy.2}{\376\377\000C\000e\000r\000t\000i\000f\000i\000c\000a\000t\000e}{}% 1
\BOOKMARK [0][-]{dummy.3}{\376\377\000A\000b\000s\000t\000r\000a\000c\000t}{}% 2
\BOOKMARK [0][-]{dummy.4}{\376\377\000A\000c\000k\000n\000o\000w\000l\000e\000d\000g\000e\000m\000e\000n\000t\000s}{}% 3
\BOOKMARK [0][-]{dummy.5}{\376\377\000C\000o\000n\000t\000e\000n\000t\000s}{}% 4
\BOOKMARK [0][-]{dummy.7}{\376\377\000L\000i\000s\000t\000\040\000o\000f\000\040\000F\000i\000g\000u\000r\000e\000s}{}% 5
\BOOKMARK [0][-]{dummy.9}{\376\377\000L\000i\000s\000t\000\040\000o\000f\000\040\000T\000a\000b\000l\000e\000s}{}% 6
\BOOKMARK [0][-]{dummy.11}{\376\377\000A\000b\000b\000r\000e\000v\000i\000a\000t\000i\000o\000n\000s}{}% 7
\BOOKMARK [0][-]{dummy.14}{\376\377\000S\000y\000m\000b\000o\000l\000s}{}% 8
\BOOKMARK [0][-]{chapter.17}{\376\377\0001\000\040\000I\000n\000t\000r\000o\000d\000u\000c\000t\000i\000o\000n}{}% 9
\BOOKMARK [1][-]{section.18}{\376\377\0001\000.\0001\000\040\000B\000a\000c\000k\000g\000r\000o\000u\000n\000d}{chapter.17}% 10
\BOOKMARK [2][-]{subsection.19}{\376\377\0001\000.\0001\000.\0001\000\040\000S\000p\000e\000e\000c\000h\000\040\000r\000e\000c\000o\000g\000n\000i\000t\000i\000o\000n}{section.18}% 11
\BOOKMARK [2][-]{subsection.20}{\376\377\0001\000.\0001\000.\0002\000\040\000S\000e\000n\000t\000i\000m\000e\000n\000t\000\040\000a\000n\000a\000l\000y\000s\000i\000s}{section.18}% 12
\BOOKMARK [2][-]{subsection.21}{\376\377\0001\000.\0001\000.\0003\000\040\000M\000u\000l\000t\000i\000\040\000-\000\040\000t\000h\000r\000e\000a\000d\000i\000n\000g}{section.18}% 13
\BOOKMARK [2][-]{subsection.22}{\376\377\0001\000.\0001\000.\0004\000\040\000C\000o\000m\000p\000u\000t\000e\000r\000\040\000V\000i\000s\000i\000o\000n}{section.18}% 14
\BOOKMARK [1][-]{section.23}{\376\377\0001\000.\0002\000\040\000M\000o\000t\000i\000v\000a\000t\000i\000o\000n}{chapter.17}% 15
\BOOKMARK [1][-]{section.24}{\376\377\0001\000.\0003\000\040\000O\000b\000j\000e\000c\000t\000i\000v\000e\000s\000\040\000o\000f\000\040\000t\000h\000e\000\040\000w\000o\000r\000k}{chapter.17}% 16
\BOOKMARK [0][-]{chapter.25}{\376\377\0002\000\040\000M\000e\000t\000h\000o\000d\000o\000l\000o\000g\000y}{}% 17
\BOOKMARK [1][-]{section.26}{\376\377\0002\000.\0001\000\040\000V\000i\000d\000e\000o\000\040\000p\000r\000o\000c\000e\000s\000s\000i\000n\000g}{chapter.25}% 18
\BOOKMARK [2][-]{subsection.27}{\376\377\0002\000.\0001\000.\0001\000\040\000V\000i\000d\000e\000o\000\040\000c\000a\000p\000t\000u\000r\000e}{section.26}% 19
\BOOKMARK [2][-]{subsection.28}{\376\377\0002\000.\0001\000.\0002\000\040\000B\000a\000c\000k\000g\000r\000o\000u\000n\000d\000\040\000d\000e\000t\000e\000c\000t\000i\000o\000n}{section.26}% 20
\BOOKMARK [2][-]{subsection.29}{\376\377\0002\000.\0001\000.\0003\000\040\000B\000a\000c\000k\000g\000r\000o\000u\000n\000d\000\040\000r\000e\000m\000o\000v\000a\000l}{section.26}% 21
\BOOKMARK [2][-]{subsection.30}{\376\377\0002\000.\0001\000.\0004\000\040\000F\000r\000a\000m\000e\000s\000\040\000p\000e\000r\000\040\000s\000e\000c\000o\000n\000d}{section.26}% 22
\BOOKMARK [1][-]{section.31}{\376\377\0002\000.\0002\000\040\000A\000u\000d\000i\000o\000\040\000p\000r\000o\000c\000e\000s\000s\000i\000n\000g}{chapter.25}% 23
\BOOKMARK [2][-]{subsection.32}{\376\377\0002\000.\0002\000.\0001\000\040\000A\000u\000d\000i\000o\000\040\000c\000a\000p\000t\000u\000r\000e}{section.31}% 24
\BOOKMARK [2][-]{subsection.33}{\376\377\0002\000.\0002\000.\0002\000\040\000A\000u\000d\000i\000o\000\040\000t\000o\000\040\000t\000e\000x\000t}{section.31}% 25
\BOOKMARK [2][-]{subsection.34}{\376\377\0002\000.\0002\000.\0003\000\040\000S\000e\000n\000t\000i\000m\000e\000n\000t\000\040\000a\000n\000a\000l\000y\000s\000i\000s\000\040\000o\000n\000\040\000t\000e\000x\000t}{section.31}% 26
\BOOKMARK [2][-]{subsection.35}{\376\377\0002\000.\0002\000.\0004\000\040\000R\000e\000t\000u\000r\000n\000\040\000s\000e\000n\000t\000i\000m\000e\000n\000t\000\040\000t\000o\000\040\000V\000i\000d\000e\000o\000\040\000P\000r\000o\000c\000e\000s\000s\000i\000n\000g\000\040\000T\000a\000s\000k}{section.31}% 27
\BOOKMARK [0][-]{chapter.36}{\376\377\0003\000\040\000W\000o\000r\000k\000\040\000D\000o\000n\000e}{}% 28
\BOOKMARK [1][-]{section.37}{\376\377\0003\000.\0001\000\040\000V\000i\000d\000e\000o\000\040\000P\000r\000o\000c\000e\000s\000s\000i\000n\000g}{chapter.36}% 29
\BOOKMARK [2][-]{subsection.38}{\376\377\0003\000.\0001\000.\0001\000\040\000V\000i\000d\000e\000o\000\040\000c\000a\000p\000t\000u\000r\000e}{section.37}% 30
\BOOKMARK [2][-]{subsection.48}{\376\377\0003\000.\0001\000.\0002\000\040\000B\000a\000c\000k\000g\000r\000o\000u\000n\000d\000\040\000d\000e\000t\000e\000c\000t\000i\000o\000n\000\040\000a\000n\000d\000\040\000r\000e\000m\000o\000v\000a\000l}{section.37}% 31
\BOOKMARK [1][-]{section.53}{\376\377\0003\000.\0002\000\040\000A\000u\000d\000i\000o\000\040\000p\000r\000o\000c\000e\000s\000s\000i\000n\000g}{chapter.36}% 32
\BOOKMARK [2][-]{subsection.54}{\376\377\0003\000.\0002\000.\0001\000\040\000A\000u\000d\000i\000o\000\040\000c\000a\000p\000t\000u\000r\000e}{section.53}% 33
\BOOKMARK [2][-]{subsection.59}{\376\377\0003\000.\0002\000.\0002\000\040\000A\000u\000d\000i\000o\000\040\000t\000o\000\040\000t\000e\000x\000t}{section.53}% 34
\BOOKMARK [2][-]{subsection.62}{\376\377\0003\000.\0002\000.\0003\000\040\000S\000e\000n\000t\000i\000m\000e\000n\000t\000\040\000a\000n\000a\000l\000y\000s\000i\000s\000\040\000o\000n\000\040\000t\000e\000x\000t}{section.53}% 35
\BOOKMARK [2][-]{subsection.66}{\376\377\0003\000.\0002\000.\0004\000\040\000G\000i\000v\000e\000\040\000s\000e\000n\000t\000i\000m\000e\000n\000t\000\040\000v\000a\000l\000u\000e\000\040\000t\000o\000\040\000V\000i\000d\000e\000o\000\040\000P\000r\000o\000c\000e\000s\000s\000i\000n\000g\000\040\000t\000h\000r\000e\000a\000d}{section.53}% 36
\BOOKMARK [0][-]{chapter.72}{\376\377\0004\000\040\000R\000e\000s\000u\000l\000t\000s\000\040\000a\000n\000d\000\040\000D\000i\000s\000c\000u\000s\000s\000i\000o\000n\000s}{}% 37
\BOOKMARK [1][-]{section.73}{\376\377\0004\000.\0001\000\040\000O\000u\000t\000p\000u\000t\000s}{chapter.72}% 38
\BOOKMARK [0][-]{chapter.78}{\376\377\0005\000\040\000E\000x\000t\000e\000n\000s\000i\000o\000n\000s\000\040\000p\000o\000s\000s\000i\000b\000l\000e}{}% 39
\BOOKMARK [0][-]{dummy.79}{\376\377\000B\000i\000b\000l\000i\000o\000g\000r\000a\000p\000h\000y}{}% 40
